----------------------------------------------------------------------------------------------------
------------------------------------ MegaLinter, by OX Security ------------------------------------
----------------------------------------------------------------------------------------------------
 - Image Creation Date: 2023-12-28T13:49:07Z
 - Image Revision: fc58836ca042cbbd96286c33a2d292f4d9d1a9d3
 - Image Version: beta
----------------------------------------------------------------------------------------------------
The MegaLinter documentation can be found at:
 - https://megalinter.io/beta
----------------------------------------------------------------------------------------------------
::group::MegaLinter initialization (expand for details)
MegaLinter will analyze workspace [/github/workspace]
GITHUB_REPOSITORY: estahn/dataspecka
GITHUB_REF: refs/pull/6/merge
GITHUB_RUN_ID: 7355179655


[Activation] ANSIBLE_ANSIBLE_LINT has been set inactive, as subdirectory has not been found: ansible (set value "any" to always activate)
[Activation] EDITORCONFIG_EDITORCONFIG_CHECKER has been set inactive, as none of these files has been found: ['.editorconfig']
[Activation] JAVASCRIPT_ES has been set inactive, as none of these files has been found: ['.eslintrc.json', '.eslintrc.yml', '.eslintrc.yaml', '.eslintrc.js', '.eslintrc.cjs', 'package.json:eslintConfig']
[Activation] JSON_NPM_PACKAGE_JSON_LINT has been set inactive, as none of these files has been found: ['package.json']
[Activation] JSX_ESLINT has been set inactive, as none of these files has been found: ['.eslintrc.json', '.eslintrc.yml', '.eslintrc.yaml', '.eslintrc.js', '.eslintrc.cjs', 'package.json:eslintConfig']
[Activation] KUBERNETES_KUBECONFORM has been set inactive, as subdirectory has not been found: kubernetes (set value "any" to always activate)
[Activation] KUBERNETES_HELM has been set inactive, as none of these files has been found: ['Chart.yml', 'Chart.yaml']
[Activation] KUBERNETES_KUBESCAPE has been set inactive, as none of these files has been found: ['Chart.yml', 'Chart.yaml']
[SemgrepLinter] Deactivated because no ruleset has been defined
[Activation] SALESFORCE_SFDX_SCANNER_APEX has been set inactive, as subdirectory has not been found: force-app (set value "any" to always activate)
[Activation] SALESFORCE_SFDX_SCANNER_AURA has been set inactive, as subdirectory has not been found: force-app (set value "any" to always activate)
[Activation] SALESFORCE_SFDX_SCANNER_LWC has been set inactive, as subdirectory has not been found: force-app (set value "any" to always activate)
[Activation] SALESFORCE_LIGHTNING_FLOW_SCANNER has been set inactive, as subdirectory has not been found: force-app (set value "any" to always activate)
[Activation] SPELL_PROSELINT has been set inactive, as none of these files has been found: ['.proselintrc', 'proselint/config.json']
[Activation] SPELL_VALE has been set inactive, as none of these files has been found: ['.vale.ini']
[Activation] SQL_SQLFLUFF has been set inactive, as none of these files has been found: ['.sqlfluff']
[Activation] SWIFT_SWIFTLINT has been set inactive, as none of these files has been found: ['.swiftlint.yml']
[Activation] TSX_ESLINT has been set inactive, as none of these files has been found: ['.eslintrc.json', '.eslintrc.yml', '.eslintrc.yaml', '.eslintrc.js', '.eslintrc.cjs', 'package.json:eslintConfig']
[Activation] TYPESCRIPT_ES has been set inactive, as none of these files has been found: ['.eslintrc.json', '.eslintrc.yml', '.eslintrc.yaml', '.eslintrc.js', '.eslintrc.cjs', 'package.json:eslintConfig']
MARKDOWN_REMARK_LINT has been temporary disabled in MegaLinter, please use a previous MegaLinter version or wait for the next one !
Skipped linters: ANSIBLE_ANSIBLE_LINT, EDITORCONFIG_EDITORCONFIG_CHECKER, JAVASCRIPT_ES, JAVASCRIPT_PRETTIER, JSON_NPM_PACKAGE_JSON_LINT, JSX_ESLINT, KUBERNETES_HELM, KUBERNETES_KUBECONFORM, KUBERNETES_KUBESCAPE, MARKDOWN_REMARK_LINT, REPOSITORY_GITLEAKS, REPOSITORY_SEMGREP, SALESFORCE_LIGHTNING_FLOW_SCANNER, SALESFORCE_SFDX_SCANNER_APEX, SALESFORCE_SFDX_SCANNER_AURA, SALESFORCE_SFDX_SCANNER_LWC, SPELL_PROSELINT, SPELL_VALE, SQL_SQLFLUFF, SWIFT_SWIFTLINT, TSX_ESLINT, TYPESCRIPT_ES, TYPESCRIPT_PRETTIER
To receive reports as email, please set variable EMAIL_REPORTER_EMAIL
::endgroup::
::group::MegaLinter now collects the files to analyse (expand for details)
Listing updated files in [/github/workspace] using git diff.
Modified files:
.mega-linter.yml
docker-compose.paperless.yml
- File extensions: , .R, .RMD, .Rmd, .bash, .bicep, .c, .c++, .cc, .cdxml, .clj, .cljc, .cljs, .coffee, .cpp, .cs, .csproj, .css, .cu, .cuh, .cxx, .dart, .dash, .edn, .env, .feature, .go, .gradle, .graphql, .groovy, .gvy, .h, .h++, .hcl, .hh, .hpp, .htm, .html, .hxx, .java, .js, .json, .json5, .jsonc, .ksh, .kt, .kts, .lua, .markdown, .md, .mdx, .nf, .p6, .php, .pl, .pl6, .pm, .pm6, .pp, .proto, .ps1, .ps1xml, .psd1, .psm1, .psrc, .pssc, .py, .r, .raku, .rakumod, .rakutest, .rb, .rs, .rst, .saas, .scala, .scss, .sh, .smk, .sql, .t, .tex, .tf, .ts, .txt, .vb, .xml, .yaml, .yml
- File names (regex): Containerfile, Dockerfile, Jenkinsfile, Makefile, Snakefile
- Excluding .gitignored files [0]: 
Kept [2] files on [2] found files
MegaLinter flavor [ci_light] doesn't contain linters REPOSITORY_CHECKOV,REPOSITORY_DEVSKIM,REPOSITORY_DUSTILOCK,REPOSITORY_KICS,REPOSITORY_SYFT,SPELL_CSPELL,SPELL_LYCHEE.
As they're not available in this docker image, they will not be processed
To solve this problem, please either: 
- use default flavor oxsecurity/megalinter
- add ignored linters in DISABLE or DISABLE_LINTERS variables in your .mega-linter.yml config file located in your root directory
- ignore this message by setting config variable FLAVOR_SUGGESTIONS to false

+----MATCHING LINTERS-----+------------+----------------+------------+
| Descriptor | Linter     | Criteria   | Matching files | Format/Fix |
+------------+------------+------------+----------------+------------+
| COPYPASTE  | jscpd      |            | project        | no         |
| REPOSITORY | git_diff   |            | project        | no         |
| REPOSITORY | grype      |            | project        | no         |
| REPOSITORY | secretlint |            | project        | no         |
| REPOSITORY | trivy      |            | project        | no         |
| REPOSITORY | trivy-sbom |            | project        | no         |
| REPOSITORY | trufflehog |            | project        | no         |
| YAML       | prettier   | .yml|.yaml | 2              | yes        |
| YAML       | yamllint   | .yml|.yaml | 2              | no         |
| YAML       | v8r        | .yml|.yaml | 2              | no         |
+------------+------------+------------+----------------+------------+
::endgroup::
Processing linters on [4] parallel cores…
::group::[32m✅ Linted [YAML] files with [prettier] successfully - (0.43s)[0m (expand for details)
- Using [prettier v3.1.1] https://megalinter.io/beta/descriptors/yaml_prettier
- MegaLinter key: [YAML_PRETTIER]
- Rules config: identified by [prettier]
- Number of files analyzed: [2]
::endgroup::
::group::[32m✅ Linted [REPOSITORY] files with [secretlint] successfully - (0.78s)[0m (expand for details)
- Using [secretlint v8.1.0] https://megalinter.io/beta/descriptors/repository_secretlint
- MegaLinter key: [REPOSITORY_SECRETLINT]
- Rules config: [.secretlintrc.json]
- Ignore file: [.secretlintignore]
::endgroup::
::group::[32m✅ Linted [COPYPASTE] files with [jscpd] successfully - (0.91s)[0m (expand for details)
- Using [jscpd v3.5.10] https://megalinter.io/beta/descriptors/copypaste_jscpd
- MegaLinter key: [COPYPASTE_JSCPD]
- Rules config: [.jscpd.json]
::endgroup::
::group::[32m✅ Linted [YAML] files with [v8r] successfully - (4.25s)[0m (expand for details)
- Using [v8r v2.1.0] https://megalinter.io/beta/descriptors/yaml_v8r
- MegaLinter key: [YAML_V8R]
- Rules config: identified by [v8r]
- Number of files analyzed: [2]
::endgroup::
::group::[32m✅ Linted [REPOSITORY] files with [trufflehog] successfully - (1.25s)[0m (expand for details)
- Using [trufflehog v3.63.7] https://megalinter.io/beta/descriptors/repository_trufflehog
- MegaLinter key: [REPOSITORY_TRUFFLEHOG]
- Rules config: identified by [trufflehog]
::endgroup::
::group::[32m✅ Linted [YAML] files with [yamllint] successfully - (0.48s)[0m (expand for details)
- Using [yamllint v1.33.0] https://megalinter.io/beta/descriptors/yaml_yamllint
- MegaLinter key: [YAML_YAMLLINT]
- Rules config: [.yamllint.yml]
- Number of files analyzed: [2]
::endgroup::
::group::[32m✅ Linted [REPOSITORY] files with [git_diff] successfully - (0.03s)[0m (expand for details)
- Using [git_diff v2.40.1] https://megalinter.io/beta/descriptors/repository_git_diff
- MegaLinter key: [REPOSITORY_GIT_DIFF]
- Rules config: identified by [git_diff]
::endgroup::
::group::[32m✅ Linted [REPOSITORY] files with [trivy-sbom] successfully - (3.99s)[0m (expand for details)
- Using [trivy-sbom v0.48.1] https://megalinter.io/beta/descriptors/repository_trivy_sbom
- MegaLinter key: [REPOSITORY_TRIVY_SBOM]
- Rules config: identified by [trivy-sbom]
::endgroup::
::group::[32m✅ Linted [REPOSITORY] files with [trivy] successfully - (4.3s)[0m (expand for details)
- Using [trivy v0.48.1] https://megalinter.io/beta/descriptors/repository_trivy
- MegaLinter key: [REPOSITORY_TRIVY]
- Rules config: identified by [trivy]
::endgroup::
::group::[32m✅ Linted [REPOSITORY] files with [grype] successfully - (9.51s)[0m (expand for details)
- Using [grype v0.63.1] https://megalinter.io/beta/descriptors/repository_grype
- MegaLinter key: [REPOSITORY_GRYPE]
- Rules config: [.grype.yaml]
::endgroup::
[GitHub Comment Reporter] Posted summary as comment on estahn/dataspecka #PR6
[Updated Sources Reporter] copied 2 fixed source files in folder /github/workspace/megalinter-reports/updated_sources.
Download it from artifacts then copy-paste it in your local repo to apply linters updates

+----SUMMARY----+------------+---------------+-------+-------+--------+--------------+
| Descriptor    | Linter     | Mode          | Files | Fixed | Errors | Elapsed time |
+---------------+------------+---------------+-------+-------+--------+--------------+
| ✅ COPYPASTE  | jscpd      | project       |   n/a |       |      0 |        0.91s |
| ✅ REPOSITORY | git_diff   | project       |   n/a |       |      0 |        0.03s |
| ✅ REPOSITORY | grype      | project       |   n/a |       |      0 |        9.51s |
| ✅ REPOSITORY | secretlint | project       |   n/a |       |      0 |        0.78s |
| ✅ REPOSITORY | trivy      | project       |   n/a |       |      0 |         4.3s |
| ✅ REPOSITORY | trivy-sbom | project       |   n/a |       |      0 |        3.99s |
| ✅ REPOSITORY | trufflehog | project       |   n/a |       |      0 |        1.25s |
| ✅ YAML       | prettier   | list_of_files |     2 |     2 |      0 |        0.43s |
| ✅ YAML       | v8r        | list_of_files |     2 |       |      0 |        4.25s |
| ✅ YAML       | yamllint   | list_of_files |     2 |       |      0 |        0.48s |
+---------------+------------+---------------+-------+-------+--------+--------------+

[32m✅ Successfully linted all files without errors[0m
